<?xml version="1.0" encoding="UTF-8"?>
<!-- Generated by org.testng.reporters.JUnitReportReporter -->
<testsuite skipped="0" hostname="TR-G3R2M33" name="qa.tests.HomePageTests.Login_TestCase" tests="2" failures="0" timestamp="2023-09-29T11:15:28 IST" time="36.626" errors="0">
  <testcase name="verifyLogin" time="31.634" classname="qa.tests.HomePageTests.Login_TestCase"/>
  <system-out/>
  <testcase name="verifyFillOutForms" time="4.992" classname="qa.tests.HomePageTests.Login_TestCase"/>
  <system-out/>
</testsuite> <!-- qa.tests.HomePageTests.Login_TestCase -->
