<?xml version="1.0" encoding="UTF-8"?>
<!-- Generated by org.testng.reporters.JUnitReportReporter -->
<testsuite skipped="0" hostname="TR-G3R2M33" name="qa.tests.TestCase1" tests="1" failures="0" timestamp="2023-09-27T17:31:38 IST" time="38.441" errors="0">
  <testcase name="verifyLogin" time="38.441" classname="qa.tests.TestCase1"/>
  <system-out/>
</testsuite> <!-- qa.tests.TestCase1 -->
